<?xml version="1.0" encoding="UTF-8"?>
<testsuite xmlns:xsi="http://www.w3.org/2001/XMLSchema-instance" xsi:noNamespaceSchemaLocation="https://maven.apache.org/surefire/maven-surefire-plugin/xsd/surefire-test-report-3.0.xsd" version="3.0" name="iti.jets.dao.OrderDAOTest" time="6.118" tests="2" errors="2" skipped="0" failures="0">
  <properties>
[...]
</properties>
  <testcase name="testSearchByUserId" classname="iti.jets.dao.OrderDAOTest" time="0.123">
    <error type="java.lang.ExceptionInInitializerError"><![CDATA[java.lang.ExceptionInInitializerError
	at iti.jets.dao.OrderDAOTest.<init>(OrderDAOTest.java:11)
Caused by: jakarta.json.bind.JsonbException: JSON Binding provider org.eclipse.yasson.JsonBindingProvider not found
	at iti.jets.dao.OrderDAOTest.<init>(OrderDAOTest.java:11)
Caused by: java.lang.ClassNotFoundException: org.eclipse.yasson.JsonBindingProvider
	at iti.jets.dao.OrderDAOTest.<init>(OrderDAOTest.java:11)
]]></error>
    <system-err><![CDATA[Sep 05, 2024 11:38:34 PM org.hibernate.jpa.internal.util.LogHelper logPersistenceUnitInformation
INFO: HHH000204: Processing PersistenceUnitInfo [name: ecommerce]
Sep 05, 2024 11:38:34 PM org.hibernate.Version logVersion
INFO: HHH000412: Hibernate ORM core version 6.5.2.Final
Sep 05, 2024 11:38:34 PM org.hibernate.cfg.Environment <clinit>
INFO: HHH000205: Loaded properties from resource hibernate.properties: {hibernate.connection.driver_class=com.mysql.cj.jdbc.Driver, hibernate.connection.url=jdbc:mysql://localhost:3306/shomya, hibernate.dialect=org.hibernate.dialect.MySQLDialect, hibernate.connection.password=****, hibernate.connection.username=java}
Sep 05, 2024 11:38:35 PM org.hibernate.cache.internal.RegionFactoryInitiator initiateService
INFO: HHH000025: Second-level cache region factory [org.hibernate.cache.jcache.internal.JCacheRegionFactory]
SLF4J: Failed to load class "org.slf4j.impl.StaticLoggerBinder".
SLF4J: Defaulting to no-operation (NOP) logger implementation
SLF4J: See http://www.slf4j.org/codes.html#StaticLoggerBinder for further details.
Sep 05, 2024 11:38:38 PM org.hibernate.engine.jdbc.dialect.internal.DialectFactoryImpl constructDialect
WARN: HHH90000025: MySQLDialect does not need to be specified explicitly using 'hibernate.dialect' (remove the property setting and it will be selected by default)
Sep 05, 2024 11:38:38 PM org.hibernate.resource.beans.spi.ManagedBeanRegistryInitiator resolveBeanContainer
INFO: HHH10005002: No explicit CDI BeanManager reference was passed to Hibernate, but CDI is available on the Hibernate ClassLoader.
]]></system-err>
  </testcase>
  <testcase name="testGetAllOrdersWithinTimestampRange" classname="iti.jets.dao.OrderDAOTest" time="0.003">
    <error type="java.lang.NoClassDefFoundError"><![CDATA[java.lang.NoClassDefFoundError: Could not initialize class iti.jets.util.Factory
	at iti.jets.dao.OrderDAOTest.<init>(OrderDAOTest.java:11)
Caused by: java.lang.ExceptionInInitializerError: Exception java.lang.ExceptionInInitializerError [in thread "main"]
	at iti.jets.dao.OrderDAOTest.<init>(OrderDAOTest.java:11)
]]></error>
  </testcase>
</testsuite>