<?xml version="1.0" encoding="UTF-8"?>
<testsuite xmlns:xsi="http://www.w3.org/2001/XMLSchema-instance" xsi:noNamespaceSchemaLocation="https://maven.apache.org/surefire/maven-surefire-plugin/xsd/surefire-test-report-3.0.xsd" version="3.0" name="iti.jets.service.OrderServiceTest" time="5.804" tests="5" errors="0" skipped="0" failures="0">
  <properties>
[...]
</properties>
  <testcase name="testDeleteOrder" classname="iti.jets.service.OrderServiceTest" time="5.749">
    <system-err><![CDATA[WARNING: A Java agent has been loaded dynamically (C:\Users\jasmine\.m2\repository\net\bytebuddy\byte-buddy-agent\1.14.15\byte-buddy-agent-1.14.15.jar)
WARNING: If a serviceability tool is in use, please run with -XX:+EnableDynamicAgentLoading to hide this warning
WARNING: If a serviceability tool is not in use, please run with -Djdk.instrument.traceUsage for more information
WARNING: Dynamic loading of agents will be disallowed by default in a future release
Aug 26, 2024 11:12:11 PM org.hibernate.jpa.internal.util.LogHelper logPersistenceUnitInformation
INFO: HHH000204: Processing PersistenceUnitInfo [name: ecommerce]
Aug 26, 2024 11:12:11 PM org.hibernate.Version logVersion
INFO: HHH000412: Hibernate ORM core version 6.5.2.Final
Aug 26, 2024 11:12:11 PM org.hibernate.cfg.Environment <clinit>
INFO: HHH000205: Loaded properties from resource hibernate.properties: {hibernate.connection.driver_class=com.mysql.cj.jdbc.Driver, hibernate.connection.url=jdbc:mysql://localhost:3366/shomya, hibernate.dialect=org.hibernate.dialect.MySQLDialect, hibernate.connection.password=****, hibernate.connection.username=root}
Aug 26, 2024 11:12:11 PM org.hibernate.cache.internal.RegionFactoryInitiator initiateService
INFO: HHH000025: Second-level cache region factory [org.hibernate.cache.jcache.internal.JCacheRegionFactory]
SLF4J: Failed to load class "org.slf4j.impl.StaticLoggerBinder".
SLF4J: Defaulting to no-operation (NOP) logger implementation
SLF4J: See http://www.slf4j.org/codes.html#StaticLoggerBinder for further details.
Aug 26, 2024 11:12:12 PM org.hibernate.engine.jdbc.dialect.internal.DialectFactoryImpl constructDialect
WARN: HHH90000025: MySQLDialect does not need to be specified explicitly using 'hibernate.dialect' (remove the property setting and it will be selected by default)
Aug 26, 2024 11:12:14 PM org.hibernate.engine.transaction.jta.platform.internal.JtaPlatformInitiator initiateService
INFO: HHH000489: No JTA platform available (set 'hibernate.transaction.jta.platform' to enable JTA platform integration)
]]></system-err>
  </testcase>
  <testcase name="testAddOrder" classname="iti.jets.service.OrderServiceTest" time="0.006"/>
  <testcase name="testDeleteOrderById" classname="iti.jets.service.OrderServiceTest" time="0.005"/>
  <testcase name="testGetAllOrders" classname="iti.jets.service.OrderServiceTest" time="0.016"/>
  <testcase name="testGetOrderById" classname="iti.jets.service.OrderServiceTest" time="0.004"/>
</testsuite>